# JRE version: OpenJDK Runtime Environment (8.0_152-b01) (build 1.8.0_152-release-1343-b01)
# Java VM: OpenJDK 64-Bit Server VM (25.152-b01 mixed mode windows-amd64 compressed oops)
Heap:
 PSYoungGen      total 474624K, used 165594K [0x00000000e0000000, 0x0000000100000000, 0x0000000100000000)
  eden space 429056K, 27% used [0x00000000e0000000,0x00000000e753a4a0,0x00000000fa300000)
  from space 45568K, 99% used [0x00000000fa300000,0x00000000fcf7c670,0x00000000fcf80000)
  to   space 49664K, 0% used [0x00000000fcf80000,0x00000000fcf80000,0x0000000100000000)
 ParOldGen       total 160256K, used 77791K [0x00000000a0000000, 0x00000000a9c80000, 0x00000000e0000000)
  object space 160256K, 48% used [0x00000000a0000000,0x00000000a4bf7ee0,0x00000000a9c80000)
 Metaspace       used 110327K, capacity 116305K, committed 116648K, reserved 1153024K
  class space    used 14041K, capacity 15151K, committed 15272K, reserved 1048576K
GC Heap History (10 events):
Event: 1571.976 GC heap before
{Heap before GC invocations=21 (full 4):
 PSYoungGen      total 403968K, used 366080K [0x00000000e0000000, 0x00000000fb780000, 0x0000000100000000)
  eden space 366080K, 100% used [0x00000000e0000000,0x00000000f6580000,0x00000000f6580000)
  from space 37888K, 0% used [0x00000000f9000000,0x00000000f9000000,0x00000000fb500000)
  to   space 41984K, 0% used [0x00000000f6580000,0x00000000f6580000,0x00000000f8e80000)
 ParOldGen       total 160256K, used 60985K [0x00000000a0000000, 0x00000000a9c80000, 0x00000000e0000000)
  object space 160256K, 38% used [0x00000000a0000000,0x00000000a3b8e5e0,0x00000000a9c80000)
 Metaspace       used 101172K, capacity 105036K, committed 105896K, reserved 1140736K
  class space    used 12777K, capacity 13485K, committed 13736K, reserved 1048576K
Event: 1572.138 GC heap after
Heap after GC invocations=21 (full 4):
 PSYoungGen      total 408064K, used 41963K [0x00000000e0000000, 0x00000000fed00000, 0x0000000100000000)
  eden space 366080K, 0% used [0x00000000e0000000,0x00000000e0000000,0x00000000f6580000)
  from space 41984K, 99% used [0x00000000f6580000,0x00000000f8e7ac90,0x00000000f8e80000)
  to   space 49664K, 0% used [0x00000000fbc80000,0x00000000fbc80000,0x00000000fed00000)
 ParOldGen       total 160256K, used 64164K [0x00000000a0000000, 0x00000000a9c80000, 0x00000000e0000000)
  object space 160256K, 40% used [0x00000000a0000000,0x00000000a3ea9260,0x00000000a9c80000)
 Metaspace       used 101172K, capacity 105036K, committed 105896K, reserved 1140736K
  class space    used 12777K, capacity 13485K, committed 13736K, reserved 1048576K
}
Event: 1576.148 GC heap before
{Heap before GC invocations=22 (full 4):
 PSYoungGen      total 408064K, used 406764K [0x00000000e0000000, 0x00000000fed00000, 0x0000000100000000)
  eden space 366080K, 99% used [0x00000000e0000000,0x00000000f64403b0,0x00000000f6580000)
  from space 41984K, 99% used [0x00000000f6580000,0x00000000f8e7ac90,0x00000000f8e80000)
  to   space 49664K, 0% used [0x00000000fbc80000,0x00000000fbc80000,0x00000000fed00000)
 ParOldGen       total 160256K, used 64164K [0x00000000a0000000, 0x00000000a9c80000, 0x00000000e0000000)
  object space 160256K, 40% used [0x00000000a0000000,0x00000000a3ea9260,0x00000000a9c80000)
 Metaspace       used 102881K, capacity 107054K, committed 107432K, reserved 1142784K
  class space    used 13006K, capacity 13796K, committed 13992K, reserved 1048576K
Event: 1576.180 GC heap after
Heap after GC invocations=22 (full 4):
 PSYoungGen      total 445952K, used 15004K [0x00000000e0000000, 0x00000000fe680000, 0x0000000100000000)
  eden space 402944K, 0% used [0x00000000e0000000,0x00000000e0000000,0x00000000f8980000)
  from space 43008K, 34% used [0x00000000fbc80000,0x00000000fcb27380,0x00000000fe680000)
  to   space 47616K, 0% used [0x00000000f8980000,0x00000000f8980000,0x00000000fb800000)
 ParOldGen       total 160256K, used 64172K [0x00000000a0000000, 0x00000000a9c80000, 0x00000000e0000000)
  object space 160256K, 40% used [0x00000000a0000000,0x00000000a3eab260,0x00000000a9c80000)
 Metaspace       used 102881K, capacity 107054K, committed 107432K, reserved 1142784K
  class space    used 13006K, capacity 13796K, committed 13992K, reserved 1048576K
}
Event: 2318.562 GC heap before
{Heap before GC invocations=23 (full 4):
 PSYoungGen      total 445952K, used 417948K [0x00000000e0000000, 0x00000000fe680000, 0x0000000100000000)
  eden space 402944K, 100% used [0x00000000e0000000,0x00000000f8980000,0x00000000f8980000)
  from space 43008K, 34% used [0x00000000fbc80000,0x00000000fcb27380,0x00000000fe680000)
  to   space 47616K, 0% used [0x00000000f8980000,0x00000000f8980000,0x00000000fb800000)
 ParOldGen       total 160256K, used 64172K [0x00000000a0000000, 0x00000000a9c80000, 0x00000000e0000000)
  object space 160256K, 40% used [0x00000000a0000000,0x00000000a3eab260,0x00000000a9c80000)
 Metaspace       used 105958K, capacity 110861K, committed 111016K, reserved 1146880K
  class space    used 13486K, capacity 14397K, committed 14504K, reserved 1048576K
Event: 2318.633 GC heap after
Heap after GC invocations=23 (full 4):
 PSYoungGen      total 450560K, used 16135K [0x00000000e0000000, 0x0000000100000000, 0x0000000100000000)
  eden space 402944K, 0% used [0x00000000e0000000,0x00000000e0000000,0x00000000f8980000)
  from space 47616K, 33% used [0x00000000f8980000,0x00000000f9941d68,0x00000000fb800000)
  to   space 45568K, 0% used [0x00000000fd380000,0x00000000fd380000,0x0000000100000000)
 ParOldGen       total 160256K, used 64180K [0x00000000a0000000, 0x00000000a9c80000, 0x00000000e0000000)
  object space 160256K, 40% used [0x00000000a0000000,0x00000000a3ead260,0x00000000a9c80000)
 Metaspace       used 105958K, capacity 110861K, committed 111016K, reserved 1146880K
  class space    used 13486K, capacity 14397K, committed 14504K, reserved 1048576K
}
Event: 4686.396 GC heap before
{Heap before GC invocations=24 (full 4):
 PSYoungGen      total 450560K, used 419079K [0x00000000e0000000, 0x0000000100000000, 0x0000000100000000)
  eden space 402944K, 100% used [0x00000000e0000000,0x00000000f8980000,0x00000000f8980000)
  from space 47616K, 33% used [0x00000000f8980000,0x00000000f9941d68,0x00000000fb800000)
  to   space 45568K, 0% used [0x00000000fd380000,0x00000000fd380000,0x0000000100000000)
 ParOldGen       total 160256K, used 64180K [0x00000000a0000000, 0x00000000a9c80000, 0x00000000e0000000)
  object space 160256K, 40% used [0x00000000a0000000,0x00000000a3ead260,0x00000000a9c80000)
 Metaspace       used 108890K, capacity 114567K, committed 114856K, reserved 1148928K
  class space    used 13921K, capacity 14976K, committed 15016K, reserved 1048576K
Event: 4686.703 GC heap after
Heap after GC invocations=24 (full 4):
 PSYoungGen      total 470528K, used 25441K [0x00000000e0000000, 0x00000000ffc00000, 0x0000000100000000)
  eden space 429056K, 0% used [0x00000000e0000000,0x00000000e0000000,0x00000000fa300000)
  from space 41472K, 61% used [0x00000000fd380000,0x00000000fec585f8,0x00000000ffc00000)
  to   space 45568K, 0% used [0x00000000fa300000,0x00000000fa300000,0x00000000fcf80000)
 ParOldGen       total 160256K, used 64188K [0x00000000a0000000, 0x00000000a9c80000, 0x00000000e0000000)
  object space 160256K, 40% used [0x00000000a0000000,0x00000000a3eaf260,0x00000000a9c80000)
 Metaspace       used 108890K, capacity 114567K, committed 114856K, reserved 1148928K
  class space    used 13921K, capacity 14976K, committed 15016K, reserved 1048576K
}
Event: 4790.963 GC heap before
{Heap before GC invocations=25 (full 4):
 PSYoungGen      total 470528K, used 454497K [0x00000000e0000000, 0x00000000ffc00000, 0x0000000100000000)
  eden space 429056K, 100% used [0x00000000e0000000,0x00000000fa300000,0x00000000fa300000)
  from space 41472K, 61% used [0x00000000fd380000,0x00000000fec585f8,0x00000000ffc00000)
  to   space 45568K, 0% used [0x00000000fa300000,0x00000000fa300000,0x00000000fcf80000)
 ParOldGen       total 160256K, used 64188K [0x00000000a0000000, 0x00000000a9c80000, 0x00000000e0000000)
  object space 160256K, 40% used [0x00000000a0000000,0x00000000a3eaf260,0x00000000a9c80000)
 Metaspace       used 110257K, capacity 116235K, committed 116392K, reserved 1150976K
  class space    used 14035K, capacity 15150K, committed 15272K, reserved 1048576K
Event: 4792.185 GC heap after
Heap after GC invocations=25 (full 4):
 PSYoungGen      total 474624K, used 45553K [0x00000000e0000000, 0x0000000100000000, 0x0000000100000000)
  eden space 429056K, 0% used [0x00000000e0000000,0x00000000e0000000,0x00000000fa300000)
  from space 45568K, 99% used [0x00000000fa300000,0x00000000fcf7c670,0x00000000fcf80000)
  to   space 49664K, 0% used [0x00000000fcf80000,0x00000000fcf80000,0x0000000100000000)
 ParOldGen       total 160256K, used 77791K [0x00000000a0000000, 0x00000000a9c80000, 0x00000000e0000000)
  object space 160256K, 48% used [0x00000000a0000000,0x00000000a4bf7ee0,0x00000000a9c80000)
 Metaspace       used 110257K, capacity 116235K, committed 116392K, reserved 1150976K
  class space    used 14035K, capacity 15150K, committed 15272K, reserved 1048576K
}

